c:\users\alexandre roussière\documents\visual studio 2015\projects\final_aroussie\final_aroussie\debug\vc140.pdb
c:\users\alexandre roussière\documents\visual studio 2015\projects\final_aroussie\final_aroussie\debug\.netframework,version=v4.5.2.assemblyattributes.obj
c:\users\alexandre roussière\documents\visual studio 2015\projects\final_aroussie\final_aroussie\debug\.netframework,version=v4.5.2.assemblyattributes.asm
c:\users\alexandre roussière\documents\visual studio 2015\projects\final_aroussie\final_aroussie\debug\myform.obj
c:\users\alexandre roussière\documents\visual studio 2015\projects\final_aroussie\final_aroussie\debug\buyingreceipt.obj
c:\users\alexandre roussière\documents\visual studio 2015\projects\final_aroussie\final_aroussie\debug\buyingform.obj
c:\users\alexandre roussière\documents\visual studio 2015\projects\final_aroussie\final_aroussie\debug\final_aroussie.buyingform.resources
c:\users\alexandre roussière\documents\visual studio 2015\projects\final_aroussie\final_aroussie\debug\final_aroussie.myform.resources
c:\users\alexandre roussière\documents\visual studio 2015\projects\final_aroussie\final_aroussie\debug\final_aroussie.buyingreceipt.resources
c:\users\alexandre roussière\documents\visual studio 2015\projects\final_aroussie\debug\final_aroussie.exe
c:\users\alexandre roussière\documents\visual studio 2015\projects\final_aroussie\debug\final_aroussie.pdb
c:\users\alexandre roussière\documents\visual studio 2015\projects\final_aroussie\final_aroussie\debug\final_aroussie.vcxproj.generateresource.cache
c:\users\alexandre roussière\documents\visual studio 2015\projects\final_aroussie\final_aroussie\debug\final_aroussie.vcxprojresolveassemblyreference.cache
c:\users\alexandre roussière\documents\visual studio 2015\projects\final_aroussie\final_aroussie\debug\final_aroussie.tlog\cl.command.1.tlog
c:\users\alexandre roussière\documents\visual studio 2015\projects\final_aroussie\final_aroussie\debug\final_aroussie.tlog\cl.read.1.tlog
c:\users\alexandre roussière\documents\visual studio 2015\projects\final_aroussie\final_aroussie\debug\final_aroussie.tlog\cl.write.1.tlog
c:\users\alexandre roussière\documents\visual studio 2015\projects\final_aroussie\final_aroussie\debug\final_aroussie.tlog\final_aroussie.write.1u.tlog
c:\users\alexandre roussière\documents\visual studio 2015\projects\final_aroussie\final_aroussie\debug\final_aroussie.tlog\link.command.1.tlog
c:\users\alexandre roussière\documents\visual studio 2015\projects\final_aroussie\final_aroussie\debug\final_aroussie.tlog\link.read.1.tlog
c:\users\alexandre roussière\documents\visual studio 2015\projects\final_aroussie\final_aroussie\debug\final_aroussie.tlog\link.write.1.tlog
c:\users\alexandre roussière\documents\visual studio 2015\projects\final_aroussie\final_aroussie\debug\final_aroussie.tlog\metagen.read.1.tlog
c:\users\alexandre roussière\documents\visual studio 2015\projects\final_aroussie\final_aroussie\debug\final_aroussie.tlog\metagen.write.1.tlog
c:\users\alexandre roussière\documents\visual studio 2015\projects\final_aroussie\final_aroussie\debug\final_aroussie.tlog\tzres.dll.bi
